Pre-calculating fang profiles...
Starting search using 12 threads...
Searching for 6-digit vampire numbers in Base 12...
--------------------------------------------------
[FOUND] 101B95 = 105 * B91  (Decimal: 252257 = 149 * 1693)
[FOUND] 159B23 = 1B3 * 925  (Decimal: 369675 = 279 * 1325)
[FOUND] 116B2A = 121 * B6A  (Decimal: 281554 = 169 * 1666)
[FOUND] 11B2A6 = 121 * BA6  (Decimal: 288990 = 169 * 1710)
[FOUND] 1129B3 = 123 * B19  (Decimal: 274455 = 171 * 1605)
[FOUND] 1A72B6 = 2A1 * 7B6  (Decimal: 468714 = 409 * 1146)
[FOUND] 193580 = 391 * 580  (Decimal: 441456 = 541 * 816)
[FOUND] 18BA72 = 1B7 * A82  (Decimal: 435254 = 283 * 1538)
[FOUND] 11B780 = 1B8 * 710  (Decimal: 289680 = 284 * 1020)
[FOUND] 123B74 = 134 * B27  (Decimal: 297160 = 184 * 1615)
[FOUND] 116A36 = 136 * A61  (Decimal: 281418 = 186 * 1513)
[FOUND] 134930 = 393 * 410  (Decimal: 319284 = 543 * 588)
[FOUND] 142800 = 200 * 814  (Decimal: 336384 = 288 * 1168)
[FOUND] 148200 = 200 * 841  (Decimal: 345888 = 288 * 1201)
[FOUND] 102610 = 201 * 610  (Decimal: 253164 = 289 * 876)
[FOUND] 114A00 = 141 * A00  (Decimal: 277920 = 193 * 1440)
[FOUND] 10622A = 201 * 62A  (Decimal: 259522 = 289 * 898)
[FOUND] 33A6B9 = 393 * A6B  (Decimal: 826989 = 543 * 1523)
[FOUND] 120700 = 201 * 700  (Decimal: 291312 = 289 * 1008)
[FOUND] 1A02B8 = 201 * AB8  (Decimal: 456620 = 289 * 1580)
[FOUND] 11A460 = 146 * A10  (Decimal: 287496 = 198 * 1452)
[FOUND] 231975 = 395 * 721  (Decimal: 562985 = 545 * 1033)
[FOUND] 164A2A = 2AA * 641  (Decimal: 381634 = 418 * 913)
[FOUND] 531B74 = 574 * B31  (Decimal: 1309768 = 808 * 1621)
[FOUND] 61B463 = 663 * B41  (Decimal: 1533387 = 939 * 1633)
[FOUND] 109150 = 150 * 901  (Decimal: 264588 = 204 * 1297)
[FOUND] 573709 = 753 * 907  (Decimal: 1395513 = 1071 * 1303)
[FOUND] 137494 = 397 * 414  (Decimal: 323824 = 547 * 592)
[FOUND] 12B750 = 2B0 * 517  (Decimal: 310380 = 420 * 739)
[FOUND] 125A90 = 150 * A29  (Decimal: 300492 = 204 * 1473)
[FOUND] 231B96 = 2B1 * 936  (Decimal: 563298 = 421 * 1338)
[FOUND] 26BB2A = 2B2 * A6B  (Decimal: 642706 = 422 * 1523)
[FOUND] 595379 = 759 * 935  (Decimal: 1439949 = 1077 * 1337)
[FOUND] 29B6B3 = 2B3 * B69  (Decimal: 704295 = 423 * 1665)
[FOUND] 451985 = 581 * 945  (Decimal: 1102133 = 817 * 1349)
[FOUND] 13A480 = 3A0 * 418  (Decimal: 328992 = 552 * 596)
[FOUND] 106210 = 210 * 601  (Decimal: 259500 = 300 * 865)
[FOUND] 131A60 = 160 * A13  (Decimal: 314280 = 216 * 1455)
[FOUND] 132780 = 210 * 738  (Decimal: 315600 = 300 * 1052)
[FOUND] 116900 = 161 * 900  (Decimal: 281232 = 217 * 1296)
[FOUND] 11961A = 161 * 91A  (Decimal: 286006 = 217 * 1318)
[FOUND] 143A30 = 3A1 * 430  (Decimal: 338436 = 553 * 612)
[FOUND] 1B0270 = 210 * B07  (Decimal: 477300 = 300 * 1591)
[FOUND] 1B2160 = 210 * B16  (Decimal: 480600 = 300 * 1602)
[FOUND] 685990 = 850 * 969  (Decimal: 1668924 = 1212 * 1377)
[FOUND] 681952 = 852 * 961  (Decimal: 1661966 = 1214 * 1369)
[FOUND] 459B30 = 495 * B30  (Decimal: 1116180 = 689 * 1620)
[FOUND] 1A7922 = 212 * A97  (Decimal: 469610 = 302 * 1555)
[FOUND] 759A83 = 853 * A79  (Decimal: 1862595 = 1215 * 1533)
[FOUND] 6B0573 = 765 * B03  (Decimal: 1721895 = 1085 * 1587)
[FOUND] 160300 = 300 * 601  (Decimal: 373680 = 432 * 865)
[FOUND] 147A28 = 214 * 7A8  (Decimal: 345344 = 304 * 1136)
[FOUND] 237900 = 300 * 927  (Decimal: 573264 = 432 * 1327)
[FOUND] 116897 = 167 * 891  (Decimal: 281203 = 223 * 1261)
[FOUND] 617997 = 767 * 991  (Decimal: 1527235 = 1087 * 1405)
[FOUND] 57BA88 = 588 * BA7  (Decimal: 1409864 = 824 * 1711)
[FOUND] 103410 = 301 * 410  (Decimal: 254604 = 433 * 588)
[FOUND] 47B980 = 497 * B80  (Decimal: 1160880 = 691 * 1680)
[FOUND] 130500 = 301 * 500  (Decimal: 311760 = 433 * 720)
[FOUND] 7583A6 = 856 * A73  (Decimal: 1859886 = 1218 * 1527)
[FOUND] 16300A = 301 * 60A  (Decimal: 378442 = 433 * 874)
[FOUND] 1B3240 = 214 * B03  (Decimal: 482448 = 304 * 1587)
[FOUND] 141A69 = 169 * A41  (Decimal: 335025 = 225 * 1489)
[FOUND] 105343 = 303 * 415  (Decimal: 257955 = 435 * 593)
[FOUND] 135340 = 303 * 514  (Decimal: 320160 = 435 * 736)
[FOUND] 28354A = 3A5 * 842  (Decimal: 669514 = 557 * 1202)
[FOUND] 1B5209 = 215 * B09  (Decimal: 485865 = 305 * 1593)
[FOUND] 401A99 = 499 * A01  (Decimal: 998613 = 693 * 1441)
[FOUND] 33AA76 = 3A6 * A37  (Decimal: 827514 = 558 * 1483)
[FOUND] 108170 = 170 * 801  (Decimal: 262884 = 228 * 1153)
[FOUND] 1A8216 = 216 * A81  (Decimal: 470322 = 306 * 1537)
[FOUND] 5B9A67 = 67B * A95  (Decimal: 1489327 = 959 * 1553)
[FOUND] 561B90 = 590 * B61  (Decimal: 1371996 = 828 * 1657)
[FOUND] 270A36 = 306 * A27  (Decimal: 644298 = 438 * 1471)
[FOUND] 9175B6 = 956 * B71  (Decimal: 2273178 = 1362 * 1669)
[FOUND] 385976 = 593 * 786  (Decimal: 922410 = 831 * 1110)
[FOUND] 2614A8 = 4A1 * 628  (Decimal: 624512 = 697 * 896)
[FOUND] 14A772 = 177 * A42  (Decimal: 350150 = 235 * 1490)
[FOUND] 425AA0 = 4A2 * A50  (Decimal: 1047000 = 698 * 1500)
[FOUND] 5539B6 = 595 * B36  (Decimal: 1354458 = 833 * 1626)
[FOUND] A1B3A8 = A31 * BA8  (Decimal: 2528624 = 1477 * 1712)
[FOUND] B1A3B8 = B38 * BA1  (Decimal: 2775740 = 1628 * 1705)
[FOUND] 41A3A4 = 4A4 * A31  (Decimal: 1033900 = 700 * 1477)
[FOUND] 154A80 = 180 * A54  (Decimal: 360960 = 240 * 1504)
[FOUND] 104310 = 310 * 401  (Decimal: 256188 = 444 * 577)
[FOUND] 153740 = 310 * 574  (Decimal: 358752 = 444 * 808)
[FOUND] 159320 = 310 * 592  (Decimal: 368520 = 444 * 830)
[FOUND] 213860 = 310 * 826  (Decimal: 524808 = 444 * 1182)
[FOUND] 49BAA6 = 4A6 * BA9  (Decimal: 1202526 = 702 * 1713)
[FOUND] 12A848 = 182 * 8A4  (Decimal: 308792 = 242 * 1276)
[FOUND] 37A560 = 5A0 * 763  (Decimal: 909720 = 840 * 1083)
[FOUND] 797898 = 978 * 987  (Decimal: 1941812 = 1388 * 1399)
[FOUND] 139856 = 185 * 936  (Decimal: 327810 = 245 * 1338)
[FOUND] 1A2027 = 227 * A01  (Decimal: 459679 = 319 * 1441)
[FOUND] 1785B0 = 185 * B70  (Decimal: 408660 = 245 * 1668)
[FOUND] 113345 = 315 * 431  (Decimal: 275237 = 449 * 613)
[FOUND] 819A50 = 985 * A10  (Decimal: 2028444 = 1397 * 1452)
[FOUND] 95AA69 = A65 * A99  (Decimal: 2361969 = 1517 * 1557)
[FOUND] 141989 = 189 * 941  (Decimal: 334905 = 249 * 1345)
[FOUND] 618880 = 861 * 880  (Decimal: 1528800 = 1225 * 1248)
[FOUND] 192530 = 230 * 951  (Decimal: 439668 = 324 * 1357)
[FOUND] 58BA59 = 5A9 * B85  (Decimal: 1430565 = 849 * 1685)
[FOUND] 421AB3 = 4B1 * A23  (Decimal: 1040103 = 709 * 1467)
[FOUND] 15A290 = 190 * A25  (Decimal: 370188 = 252 * 1469)
[FOUND] 213B30 = 230 * B31  (Decimal: 525204 = 324 * 1621)
[FOUND] 119A75 = 191 * 7A5  (Decimal: 286649 = 253 * 1133)
[FOUND] 123640 = 231 * 640  (Decimal: 296400 = 325 * 912)
[FOUND] 192348 = 231 * 948  (Decimal: 439400 = 325 * 1352)
[FOUND] 109439 = 319 * 409  (Decimal: 265005 = 453 * 585)
[FOUND] 213B28 = 231 * B28  (Decimal: 525200 = 325 * 1616)
[FOUND] 140400 = 400 * 401  (Decimal: 332352 = 576 * 577)
[FOUND] 14400B = 401 * 40B  (Decimal: 338699 = 577 * 587)
[FOUND] 149594 = 194 * 954  (Decimal: 348160 = 256 * 1360)
[FOUND] 46A800 = 6A4 * 800  (Decimal: 1138176 = 988 * 1152)
[FOUND] 1B3457 = 31B * 745  (Decimal: 482755 = 455 * 1061)
[FOUND] 9AB090 = A90 * B09  (Decimal: 2465964 = 1548 * 1593)
[FOUND] 6A71A4 = 7A4 * A61  (Decimal: 1712716 = 1132 * 1513)
[FOUND] 282004 = 402 * 802  (Decimal: 667012 = 578 * 1154)
[FOUND] 9AB108 = A91 * B08  (Decimal: 2466008 = 1549 * 1592)
[FOUND] 7891A7 = 871 * A97  (Decimal: 1923535 = 1237 * 1555)
[FOUND] 65B24A = 6A5 * B42  (Decimal: 1616026 = 989 * 1634)
[FOUND] 126436 = 236 * 641  (Decimal: 301290 = 330 * 913)
[FOUND] 116798 = 198 * 761  (Decimal: 281060 = 260 * 1081)
[FOUND] 123460 = 321 * 460  (Decimal: 296136 = 457 * 648)
[FOUND] 12634B = 321 * 46B  (Decimal: 301163 = 457 * 659)
[FOUND] 152350 = 321 * 550  (Decimal: 356460 = 457 * 780)
[FOUND] 15523B = 321 * 55B  (Decimal: 361487 = 457 * 791)
[FOUND] 194BA8 = 198 * BA4  (Decimal: 444080 = 260 * 1708)
[FOUND] 218131 = 321 * 811  (Decimal: 532405 = 457 * 1165)
[FOUND] 231687 = 321 * 867  (Decimal: 562567 = 457 * 1231)
[FOUND] A5A7B0 = AA5 * B70  (Decimal: 2610420 = 1565 * 1668)
[FOUND] 89A1B0 = 9B0 * A81  (Decimal: 2194836 = 1428 * 1537)
[FOUND] 1368B9 = 19B * 863  (Decimal: 322701 = 263 * 1227)
[FOUND] 652AB9 = 6A9 * B25  (Decimal: 1601709 = 993 * 1613)
[FOUND] A0BB1B = AB1 * B0B  (Decimal: 2508935 = 1573 * 1595)
[FOUND] A51BB6 = AB1 * B56  (Decimal: 2595450 = 1573 * 1650)
[FOUND] 94B1B6 = 9B6 * B41  (Decimal: 2341722 = 1434 * 1633)
[FOUND] 10A740 = 1A0 * 704  (Decimal: 267168 = 264 * 1012)
[FOUND] 1137A0 = 1A0 * 731  (Decimal: 275880 = 264 * 1045)
[FOUND] 12A180 = 1A0 * 812  (Decimal: 307824 = 264 * 1166)
[FOUND] 316600 = 600 * 631  (Decimal: 778464 = 864 * 901)
[FOUND] 68ABA8 = 6AA * B88  (Decimal: 1677872 = 994 * 1688)
[FOUND] 37B600 = 600 * 73B  (Decimal: 911520 = 864 * 1055)
[FOUND] 190240 = 240 * 901  (Decimal: 435792 = 336 * 1297)
[FOUND] 235783 = 323 * 875  (Decimal: 569619 = 459 * 1241)
[FOUND] A81BB9 = AB9 * B81  (Decimal: 2657661 = 1581 * 1681)
[FOUND] 3B7600 = 600 * 7B3  (Decimal: 987552 = 864 * 1143)
[FOUND] 126426 = 241 * 626  (Decimal: 301278 = 337 * 894)
[FOUND] 617AB8 = 6B1 * A78  (Decimal: 1527404 = 997 * 1532)
[FOUND] 302606 = 602 * 603  (Decimal: 750822 = 866 * 867)
[FOUND] 7527BB = 7B7 * B25  (Decimal: 1850111 = 1147 * 1613)
[FOUND] 19A9B3 = 1A3 * B99  (Decimal: 454167 = 267 * 1701)
[FOUND] 18B422 = 242 * 8B1  (Decimal: 434330 = 338 * 1285)
[FOUND] 2218B4 = 242 * B18  (Decimal: 542152 = 338 * 1604)
[FOUND] 5569B3 = 6B3 * 955  (Decimal: 1359639 = 999 * 1361)
[FOUND] 1539A3 = 1A5 * 933  (Decimal: 359115 = 269 * 1335)
[FOUND] 214670 = 410 * 627  (Decimal: 526260 = 588 * 895)
[FOUND] 410868 = 604 * 818  (Decimal: 1017296 = 868 * 1172)
[FOUND] 2B3600 = 326 * B00  (Decimal: 731808 = 462 * 1584)
[FOUND] 804BB8 = 88B * B04  (Decimal: 1999292 = 1259 * 1588)
[FOUND] 31BA26 = 326 * BA1  (Decimal: 787710 = 462 * 1705)
[FOUND] 578800 = 800 * 857  (Decimal: 1404288 = 1152 * 1219)
[FOUND] 21A4B5 = 245 * AB1  (Decimal: 536393 = 341 * 1573)
[FOUND] 78A940 = 894 * A70  (Decimal: 1926336 = 1264 * 1524)
[FOUND] 192BA6 = 1A9 * B26  (Decimal: 440622 = 273 * 1614)
[FOUND] 216346 = 416 * 623  (Decimal: 529254 = 594 * 891)
[FOUND] 11A37B = 1AB * 731  (Decimal: 287375 = 275 * 1045)
[FOUND] 126480 = 248 * 610  (Decimal: 301344 = 344 * 876)
[FOUND] 1286B4 = 248 * 61B  (Decimal: 305128 = 344 * 887)
[FOUND] 354800 = 500 * 834  (Decimal: 858240 = 720 * 1192)
[FOUND] 597B00 = 700 * 9B5  (Decimal: 1444464 = 1008 * 1433)
[FOUND] 380539 = 503 * 893  (Decimal: 913149 = 723 * 1263)
[FOUND] 152760 = 250 * 716  (Decimal: 357048 = 348 * 1026)
[FOUND] 24186B = 421 * 68B  (Decimal: 583571 = 601 * 971)
[FOUND] 781B42 = 812 * B47  (Decimal: 1911074 = 1166 * 1639)
[FOUND] 4B05B8 = 504 * B8B  (Decimal: 1224284 = 724 * 1691)
[FOUND] 371A06 = 613 * 70A  (Decimal: 894822 = 879 * 1018)
[FOUND] 152720 = 252 * 710  (Decimal: 357000 = 350 * 1020)
[FOUND] 7A8A80 = 8A7 * A80  (Decimal: 1964544 = 1279 * 1536)
[FOUND] 342739 = 423 * 973  (Decimal: 833949 = 603 * 1383)
[FOUND] 102553 = 253 * 501  (Decimal: 253071 = 351 * 721)
[FOUND] 781B40 = 817 * B40  (Decimal: 1911072 = 1171 * 1632)
[FOUND] 697B09 = 709 * B69  (Decimal: 1693305 = 1017 * 1665)
[FOUND] 277460 = 427 * 760  (Decimal: 655560 = 607 * 1080)
[FOUND] 24A960 = 429 * 6A0  (Decimal: 599256 = 609 * 984)
[FOUND] 15772A = 257 * 71A  (Decimal: 365650 = 355 * 1030)
[FOUND] 39A460 = 430 * A96  (Decimal: 951048 = 612 * 1554)
[FOUND] 3A14A0 = 431 * AA0  (Decimal: 956280 = 613 * 1560)
[FOUND] 4183B1 = 431 * B81  (Decimal: 1030453 = 613 * 1681)
[FOUND] 223640 = 432 * 620  (Decimal: 545232 = 614 * 888)
[FOUND] 337942 = 432 * 937  (Decimal: 822146 = 614 * 1339)
[FOUND] 7B7828 = 828 * B77  (Decimal: 1983200 = 1184 * 1675)
[FOUND] 33A494 = 434 * 93A  (Decimal: 826672 = 616 * 1342)
[FOUND] 180260 = 260 * 801  (Decimal: 415080 = 360 * 1153)
[FOUND] 3AB346 = 436 * AB3  (Decimal: 973350 = 618 * 1575)
[FOUND] 53A266 = 626 * A35  (Decimal: 1324014 = 894 * 1481)
[FOUND] 3AA946 = 439 * AA6  (Decimal: 972486 = 621 * 1566)
[FOUND] 492628 = 628 * 924  (Decimal: 1186304 = 896 * 1324)
[FOUND] 6129B9 = 629 * B91  (Decimal: 1518621 = 897 * 1693)
[FOUND] 8AB194 = 914 * B8A  (Decimal: 2217280 = 1312 * 1690)
[FOUND] 515BB9 = 519 * BB5  (Decimal: 1275261 = 741 * 1721)
[FOUND] 7A1398 = 917 * A38  (Decimal: 1951460 = 1315 * 1484)
[FOUND] 342B49 = 443 * 92B  (Decimal: 834537 = 627 * 1331)
[FOUND] 176827 = 267 * 781  (Decimal: 405535 = 367 * 1105)
[FOUND] 8B9428 = 924 * B88  (Decimal: 2234912 = 1324 * 1688)
[FOUND] 24B680 = 268 * B40  (Decimal: 600576 = 368 * 1632)
[FOUND] 573930 = 730 * 935  (Decimal: 1395828 = 1044 * 1337)
[FOUND] 5B4363 = 635 * B43  (Decimal: 1479675 = 905 * 1635)
[FOUND] 337666 = 636 * 637  (Decimal: 821742 = 906 * 907)
[FOUND] 366196 = 636 * 691  (Decimal: 881538 = 906 * 973)
[FOUND] 429594 = 524 * 994  (Decimal: 1053184 = 748 * 1408)
[FOUND] 276056 = 526 * 607  (Decimal: 653250 = 750 * 871)
[FOUND] 219B78 = 271 * 9B8  (Decimal: 535628 = 373 * 1436)
[FOUND] 452A28 = 528 * A24  (Decimal: 1103936 = 752 * 1468)
[FOUND] 41A765 = 641 * 7A5  (Decimal: 1034429 = 913 * 1133)
[FOUND] 6174B4 = 641 * B74  (Decimal: 1526536 = 913 * 1672)
[FOUND] 359460 = 460 * 935  (Decimal: 866376 = 648 * 1337)
[FOUND] 13B24A = 32A * 4B1  (Decimal: 330394 = 466 * 709)
[FOUND] 416B00 = 461 * B00  (Decimal: 1028016 = 649 * 1584)
[FOUND] 41B06B = 461 * B0B  (Decimal: 1035155 = 649 * 1595)
[FOUND] 2593A2 = 32A * 925  (Decimal: 617450 = 466 * 1325)
[FOUND] 25B760 = 276 * B50  (Decimal: 621432 = 378 * 1644)
[FOUND] 56A460 = 645 * A60  (Decimal: 1386504 = 917 * 1512)
[FOUND] 468760 = 646 * 870  (Decimal: 1134648 = 918 * 1236)
[FOUND] 564A60 = 646 * A50  (Decimal: 1377000 = 918 * 1500)
[FOUND] 154330 = 330 * 541  (Decimal: 359892 = 468 * 769)
[FOUND] 2317A9 = 279 * A31  (Decimal: 562737 = 381 * 1477)
[FOUND] 496900 = 649 * 900  (Decimal: 1193616 = 921 * 1296)
[FOUND] 162A80 = 280 * 6A1  (Decimal: 378240 = 384 * 985)
[FOUND] 234A80 = 280 * A34  (Decimal: 568320 = 384 * 1480)
[FOUND] 118255 = 281 * 515  (Decimal: 283745 = 385 * 737)
[FOUND] 128560 = 281 * 560  (Decimal: 304920 = 385 * 792)
[FOUND] 3153B4 = 334 * B51  (Decimal: 776440 = 472 * 1645)
[FOUND] 182769 = 281 * 769  (Decimal: 419265 = 385 * 1089)
[FOUND] 218976 = 281 * 976  (Decimal: 533610 = 385 * 1386)
[FOUND] 303B72 = 337 * B02  (Decimal: 753350 = 475 * 1586)
[FOUND] 41A978 = 478 * A91  (Decimal: 1034732 = 668 * 1549)
[FOUND] 247960 = 479 * 620  (Decimal: 594072 = 669 * 888)
[FOUND] 5ABB66 = 656 * ABB  (Decimal: 1472190 = 930 * 1583)
[FOUND] 248A80 = 284 * A80  (Decimal: 595968 = 388 * 1536)
[FOUND] 274BB8 = 284 * B7B  (Decimal: 651452 = 388 * 1679)
[FOUND] 3A5811 = 531 * 8A1  (Decimal: 963661 = 757 * 1273)
[FOUND] 312B40 = 340 * B21  (Decimal: 772320 = 480 * 1609)
[FOUND] 567A38 = 658 * A37  (Decimal: 1382156 = 932 * 1483)
[FOUND] 513B80 = 531 * B80  (Decimal: 1271760 = 757 * 1680)
[FOUND] 1434A6 = 341 * 4A6  (Decimal: 337662 = 481 * 702)
[FOUND] 2788B6 = 286 * B87  (Decimal: 657930 = 390 * 1687)
[FOUND] 3557A3 = 533 * 7A5  (Decimal: 859947 = 759 * 1133)
[FOUND] 5AB16B = 65B * AB1  (Decimal: 1470755 = 935 * 1573)
[FOUND] 277B88 = 288 * B77  (Decimal: 656600 = 392 * 1675)
[FOUND] 17208A = 28A * 701  (Decimal: 397546 = 394 * 1009)
[FOUND] 2A4A34 = 344 * A2A  (Decimal: 713416 = 484 * 1474)
[FOUND] 169294 = 294 * 691  (Decimal: 389200 = 400 * 973)
[FOUND] 28759B = 295 * B87  (Decimal: 676487 = 401 * 1687)
[FOUND] 26A9B0 = 296 * B0A  (Decimal: 640788 = 402 * 1594)
[FOUND] 514B60 = 541 * B60  (Decimal: 1273464 = 769 * 1656)
[FOUND] 155330 = 350 * 513  (Decimal: 361620 = 492 * 735)
[FOUND] 404954 = 544 * 904  (Decimal: 1003600 = 772 * 1300)
[FOUND] 4A5A59 = 545 * AA9  (Decimal: 1212837 = 773 * 1569)
[FOUND] 155320 = 352 * 510  (Decimal: 361608 = 494 * 732)
[FOUND] 4A5A76 = 546 * AA7  (Decimal: 1212858 = 774 * 1567)
[FOUND] 45A800 = 548 * A00  (Decimal: 1117440 = 776 * 1440)
[FOUND] 43B579 = 54B * 973  (Decimal: 1077357 = 779 * 1383)
[FOUND] 32B51A = 35A * B21  (Decimal: 807718 = 502 * 1609)
[FOUND] 5153B6 = 556 * B31  (Decimal: 1274106 = 786 * 1621)
[FOUND] 505B7A = 557 * B0A  (Decimal: 1254478 = 787 * 1594)
[FOUND] 335B60 = 360 * B35  (Decimal: 819000 = 504 * 1625)
[FOUND] 341B66 = 366 * B41  (Decimal: 832830 = 510 * 1633)
[FOUND] 35B969 = 369 * B95  (Decimal: 870561 = 513 * 1697)
[FOUND] 347B20 = 370 * B42  (Decimal: 843144 = 516 * 1634)
[FOUND] 134374 = 371 * 434  (Decimal: 318472 = 517 * 616)
[FOUND] 3517B6 = 371 * B56  (Decimal: 853050 = 517 * 1650)
[FOUND] 313A78 = 378 * A31  (Decimal: 773948 = 524 * 1477)
[FOUND] 297939 = 379 * 929  (Decimal: 697725 = 525 * 1329)
[FOUND] 146380 = 380 * 461  (Decimal: 342672 = 528 * 649)
[FOUND] 134823 = 383 * 421  (Decimal: 319131 = 531 * 601)
[FOUND] 1344B8 = 384 * 41B  (Decimal: 318668 = 532 * 599)
[FOUND] 368AB4 = 384 * B6A  (Decimal: 886312 = 532 * 1666)
[FOUND] 193855 = 385 * 591  (Decimal: 441857 = 533 * 829)
[FOUND] 35B480 = 385 * B40  (Decimal: 869856 = 533 * 1632)
[FOUND] 318AB0 = 38B * A10  (Decimal: 782628 = 539 * 1452)
--------------------------------------------------
Total found: 281
Completed in: 0.0152475 seconds.
